<?xml version="1.0" encoding="UTF-8"?>
<testng-results ignored="0" total="1" passed="1" failed="0" skipped="0">
  <reporter-output>
  </reporter-output>
  <suite started-at="2021-11-16T13:33:30 CST" name="Default suite" finished-at="2021-11-16T13:33:40 CST" duration-ms="10331">
    <groups>
    </groups>
    <test started-at="2021-11-16T13:33:30 CST" name="Default test" finished-at="2021-11-16T13:33:40 CST" duration-ms="10331">
      <class name="season_ng.Test_ng">
        <test-method is-config="true" signature="readConfig()[pri:0, instance:season_ng.Test_ng@37654521]" started-at="2021-11-16T13:33:30 CST" name="readConfig" finished-at="2021-11-16T13:33:30 CST" duration-ms="9" status="PASS">
          <reporter-output>
          </reporter-output>
        </test-method> <!-- readConfig -->
        <test-method is-config="true" signature="init()[pri:0, instance:season_ng.Test_ng@37654521]" started-at="2021-11-16T13:33:30 CST" name="init" finished-at="2021-11-16T13:33:34 CST" duration-ms="3821" status="PASS">
          <reporter-output>
          </reporter-output>
        </test-method> <!-- init -->
        <test-method signature="test()[pri:0, instance:season_ng.Test_ng@37654521]" started-at="2021-11-16T13:33:34 CST" name="test" finished-at="2021-11-16T13:33:40 CST" duration-ms="6448" status="PASS">
          <reporter-output>
          </reporter-output>
        </test-method> <!-- test -->
      </class> <!-- season_ng.Test_ng -->
    </test> <!-- Default test -->
  </suite> <!-- Default suite -->
</testng-results>
