<?xml version="1.0" encoding="UTF-8"?>
<testng-results ignored="0" total="3" passed="3" failed="0" skipped="0">
  <reporter-output>
  </reporter-output>
  <suite started-at="2021-11-13T20:26:04 CST" name="Default suite" finished-at="2021-11-13T20:26:12 CST" duration-ms="7344">
    <groups>
    </groups>
    <test started-at="2021-11-13T20:26:04 CST" name="Default test" finished-at="2021-11-13T20:26:12 CST" duration-ms="7344">
      <class name="test.LoginTest">
        <test-method signature="loginTest1()[pri:0, instance:test.LoginTest@7690781]" started-at="2021-11-13T20:26:05 CST" name="loginTest1" finished-at="2021-11-13T20:26:10 CST" duration-ms="5939" status="PASS">
          <reporter-output>
          </reporter-output>
        </test-method> <!-- loginTest1 -->
        <test-method signature="loginTest2()[pri:0, instance:test.LoginTest@7690781]" started-at="2021-11-13T20:26:10 CST" name="loginTest2" finished-at="2021-11-13T20:26:12 CST" duration-ms="1345" status="PASS">
          <reporter-output>
          </reporter-output>
        </test-method> <!-- loginTest2 -->
        <test-method signature="loginTest3()[pri:0, instance:test.LoginTest@7690781]" started-at="2021-11-13T20:26:12 CST" name="loginTest3" finished-at="2021-11-13T20:26:12 CST" duration-ms="5" status="PASS">
          <reporter-output>
          </reporter-output>
        </test-method> <!-- loginTest3 -->
      </class> <!-- test.LoginTest -->
    </test> <!-- Default test -->
  </suite> <!-- Default suite -->
</testng-results>
