<?xml version="1.0" encoding="UTF-8"?>
<testng-results ignored="0" total="1" passed="1" failed="0" skipped="0">
  <reporter-output>
  </reporter-output>
  <suite started-at="2021-12-08T23:25:41 CST" name="Default suite" finished-at="2021-12-08T23:25:56 CST" duration-ms="14363">
    <groups>
    </groups>
    <test started-at="2021-12-08T23:25:41 CST" name="Default test" finished-at="2021-12-08T23:25:56 CST" duration-ms="14363">
      <class name="test.AddContact">
        <test-method signature="validCustomerShouldBeAbleToAddCustomer()[pri:0, instance:test.AddContact@2445445a]" started-at="2021-12-08T23:25:41 CST" name="validCustomerShouldBeAbleToAddCustomer" finished-at="2021-12-08T23:25:56 CST" duration-ms="14315" status="PASS">
          <reporter-output>
          </reporter-output>
        </test-method> <!-- validCustomerShouldBeAbleToAddCustomer -->
      </class> <!-- test.AddContact -->
    </test> <!-- Default test -->
  </suite> <!-- Default suite -->
</testng-results>
